This file contains any messages produced by compilers while
running configure, to aid debugging if configure makes a mistake.

It was created by helloworld configure 1.0, which was
generated by GNU Autoconf 2.69.  Invocation command line was

  $ ./configure --prefix=/Users/esaliya/build

## --------- ##
## Platform. ##
## --------- ##

hostname = nds-esaliya-mbp
uname -m = x86_64
uname -r = 15.6.0
uname -s = Darwin
uname -v = Darwin Kernel Version 15.6.0: Mon Aug 29 20:21:34 PDT 2016; root:xnu-3248.60.11~1/RELEASE_X86_64

/usr/bin/uname -p = i386
/bin/uname -X     = unknown

/bin/arch              = unknown
/usr/bin/arch -k       = unknown
/usr/convex/getsysinfo = unknown
/usr/bin/hostinfo      = Mach kernel version:
	 Darwin Kernel Version 15.6.0: Mon Aug 29 20:21:34 PDT 2016; root:xnu-3248.60.11~1/RELEASE_X86_64
Kernel configured for up to 4 processors.
2 processors are physically available.
4 processors are logically available.
Processor type: x86_64h (Intel x86-64h Haswell)
Processors active: 0 1 2 3
Primary memory available: 8.00 gigabytes
Default processor set: 244 tasks, 1274 threads, 4 processors
Load average: 1.69, Mach factor: 2.30
/bin/machine           = unknown
/usr/bin/oslevel       = unknown
/bin/universe          = unknown

PATH: /usr/local/bin
PATH: /usr/bin
PATH: /bin
PATH: /usr/sbin
PATH: /sbin


## ----------- ##
## Core tests. ##
## ----------- ##

configure:1834: checking for a BSD-compatible install
configure:1902: result: /usr/bin/install -c
configure:1913: checking whether build environment is sane
configure:1968: result: yes
configure:2119: checking for a thread-safe mkdir -p
configure:2158: result: ./install-sh -c -d
configure:2165: checking for gawk
configure:2195: result: no
configure:2165: checking for mawk
configure:2195: result: no
configure:2165: checking for nawk
configure:2195: result: no
configure:2165: checking for awk
configure:2181: found /usr/bin/awk
configure:2192: result: awk
configure:2203: checking whether make sets $(MAKE)
configure:2225: result: yes
configure:2254: checking whether make supports nested variables
configure:2271: result: yes
configure:2457: checking for g++
configure:2473: found /usr/bin/g++
configure:2484: result: g++
configure:2511: checking for C++ compiler version
configure:2520: g++ --version >&5
Apple LLVM version 8.0.0 (clang-800.0.38)
Target: x86_64-apple-darwin15.6.0
Thread model: posix
InstalledDir: /Applications/Xcode.app/Contents/Developer/Toolchains/XcodeDefault.xctoolchain/usr/bin
Configured with: --prefix=/Applications/Xcode.app/Contents/Developer/usr --with-gxx-include-dir=/usr/include/c++/4.2.1
configure:2531: $? = 0
configure:2520: g++ -v >&5
Configured with: --prefix=/Applications/Xcode.app/Contents/Developer/usr --with-gxx-include-dir=/usr/include/c++/4.2.1
Apple LLVM version 8.0.0 (clang-800.0.38)
Target: x86_64-apple-darwin15.6.0
Thread model: posix
InstalledDir: /Applications/Xcode.app/Contents/Developer/Toolchains/XcodeDefault.xctoolchain/usr/bin
configure:2531: $? = 0
configure:2520: g++ -V >&5
clang: error: argument to '-V' is missing (expected 1 value)
clang: error: no input files
configure:2531: $? = 1
configure:2520: g++ -qversion >&5
clang: error: unknown argument: '-qversion'
clang: error: no input files
configure:2531: $? = 1
configure:2551: checking whether the C++ compiler works
configure:2573: g++    conftest.cpp  >&5
configure:2577: $? = 0
configure:2625: result: yes
configure:2628: checking for C++ compiler default output file name
configure:2630: result: a.out
configure:2636: checking for suffix of executables
configure:2643: g++ -o conftest    conftest.cpp  >&5
configure:2647: $? = 0
configure:2669: result: 
configure:2691: checking whether we are cross compiling
configure:2699: g++ -o conftest    conftest.cpp  >&5
configure:2703: $? = 0
configure:2710: ./conftest
configure:2714: $? = 0
configure:2729: result: no
configure:2734: checking for suffix of object files
configure:2756: g++ -c   conftest.cpp >&5
configure:2760: $? = 0
configure:2781: result: o
configure:2785: checking whether we are using the GNU C++ compiler
configure:2804: g++ -c   conftest.cpp >&5
configure:2804: $? = 0
configure:2813: result: yes
configure:2822: checking whether g++ accepts -g
configure:2842: g++ -c -g  conftest.cpp >&5
configure:2842: $? = 0
configure:2883: result: yes
configure:2917: checking for style of include used by make
configure:2945: result: GNU
configure:2971: checking dependency style of g++
configure:3082: result: gcc3
configure:3245: checking that generated files are newer than configure
configure:3251: result: done
configure:3274: creating ./config.status

## ---------------------- ##
## Running config.status. ##
## ---------------------- ##

This file was extended by helloworld config.status 1.0, which was
generated by GNU Autoconf 2.69.  Invocation command line was

  CONFIG_FILES    = 
  CONFIG_HEADERS  = 
  CONFIG_LINKS    = 
  CONFIG_COMMANDS = 
  $ ./config.status 

on nds-esaliya-mbp

config.status:775: creating Makefile
config.status:775: creating src/Makefile
config.status:947: executing depfiles commands

## ---------------- ##
## Cache variables. ##
## ---------------- ##

ac_cv_cxx_compiler_gnu=yes
ac_cv_env_CCC_set=
ac_cv_env_CCC_value=
ac_cv_env_CPPFLAGS_set=
ac_cv_env_CPPFLAGS_value=
ac_cv_env_CXXFLAGS_set=
ac_cv_env_CXXFLAGS_value=
ac_cv_env_CXX_set=
ac_cv_env_CXX_value=
ac_cv_env_LDFLAGS_set=
ac_cv_env_LDFLAGS_value=
ac_cv_env_LIBS_set=
ac_cv_env_LIBS_value=
ac_cv_env_build_alias_set=
ac_cv_env_build_alias_value=
ac_cv_env_host_alias_set=
ac_cv_env_host_alias_value=
ac_cv_env_target_alias_set=
ac_cv_env_target_alias_value=
ac_cv_objext=o
ac_cv_path_install='/usr/bin/install -c'
ac_cv_prog_AWK=awk
ac_cv_prog_ac_ct_CXX=g++
ac_cv_prog_cxx_g=yes
ac_cv_prog_make_make_set=yes
am_cv_CXX_dependencies_compiler_type=gcc3
am_cv_make_support_nested_variables=yes

## ----------------- ##
## Output variables. ##
## ----------------- ##

ACLOCAL='${SHELL} /Users/esaliya/sali/git/github/esaliya/ccpp/cbuild/missing aclocal-1.15'
AMDEPBACKSLASH='\'
AMDEP_FALSE='#'
AMDEP_TRUE=''
AMTAR='$${TAR-tar}'
AM_BACKSLASH='\'
AM_DEFAULT_V='$(AM_DEFAULT_VERBOSITY)'
AM_DEFAULT_VERBOSITY='1'
AM_V='$(V)'
AUTOCONF='${SHELL} /Users/esaliya/sali/git/github/esaliya/ccpp/cbuild/missing autoconf'
AUTOHEADER='${SHELL} /Users/esaliya/sali/git/github/esaliya/ccpp/cbuild/missing autoheader'
AUTOMAKE='${SHELL} /Users/esaliya/sali/git/github/esaliya/ccpp/cbuild/missing automake-1.15'
AWK='awk'
CPPFLAGS=''
CXX='g++'
CXXDEPMODE='depmode=gcc3'
CXXFLAGS='-g -O2'
CYGPATH_W='echo'
DEFS='-DPACKAGE_NAME=\"helloworld\" -DPACKAGE_TARNAME=\"helloworld\" -DPACKAGE_VERSION=\"1.0\" -DPACKAGE_STRING=\"helloworld\ 1.0\" -DPACKAGE_BUGREPORT=\"\" -DPACKAGE_URL=\"\" -DPACKAGE=\"helloworld\" -DVERSION=\"1.0\"'
DEPDIR='.deps'
ECHO_C='\c'
ECHO_N=''
ECHO_T=''
EXEEXT=''
FOO_CFLAGS=''
FOO_LIBS=''
INSTALL_DATA='${INSTALL} -m 644'
INSTALL_PROGRAM='${INSTALL}'
INSTALL_SCRIPT='${INSTALL}'
INSTALL_STRIP_PROGRAM='$(install_sh) -c -s'
LDFLAGS=''
LIBOBJS=''
LIBS=''
LTLIBOBJS=''
MAKEINFO='${SHELL} /Users/esaliya/sali/git/github/esaliya/ccpp/cbuild/missing makeinfo'
MKDIR_P='./install-sh -c -d'
OBJEXT='o'
PACKAGE='helloworld'
PACKAGE_BUGREPORT=''
PACKAGE_NAME='helloworld'
PACKAGE_STRING='helloworld 1.0'
PACKAGE_TARNAME='helloworld'
PACKAGE_URL=''
PACKAGE_VERSION='1.0'
PATH_SEPARATOR=':'
SET_MAKE=''
SHELL='/bin/sh'
STRIP=''
VERSION='1.0'
ac_ct_CXX='g++'
am__EXEEXT_FALSE=''
am__EXEEXT_TRUE='#'
am__fastdepCXX_FALSE='#'
am__fastdepCXX_TRUE=''
am__include='include'
am__isrc=''
am__leading_dot='.'
am__nodep='_no'
am__quote=''
am__tar='$${TAR-tar} chof - "$$tardir"'
am__untar='$${TAR-tar} xf -'
bindir='${exec_prefix}/bin'
build_alias=''
datadir='${datarootdir}'
datarootdir='${prefix}/share'
docdir='${datarootdir}/doc/${PACKAGE_TARNAME}'
dvidir='${docdir}'
exec_prefix='${prefix}'
host_alias=''
htmldir='${docdir}'
includedir='${prefix}/include'
infodir='${datarootdir}/info'
install_sh='${SHELL} /Users/esaliya/sali/git/github/esaliya/ccpp/cbuild/install-sh'
libdir='${exec_prefix}/lib'
libexecdir='${exec_prefix}/libexec'
localedir='${datarootdir}/locale'
localstatedir='${prefix}/var'
mandir='${datarootdir}/man'
mkdir_p='$(MKDIR_P)'
oldincludedir='/usr/include'
pdfdir='${docdir}'
prefix='/Users/esaliya/build'
program_transform_name='s,x,x,'
psdir='${docdir}'
sbindir='${exec_prefix}/sbin'
sharedstatedir='${prefix}/com'
sysconfdir='${prefix}/etc'
target_alias=''

## ----------- ##
## confdefs.h. ##
## ----------- ##

/* confdefs.h */
#define PACKAGE_NAME "helloworld"
#define PACKAGE_TARNAME "helloworld"
#define PACKAGE_VERSION "1.0"
#define PACKAGE_STRING "helloworld 1.0"
#define PACKAGE_BUGREPORT ""
#define PACKAGE_URL ""
#define PACKAGE "helloworld"
#define VERSION "1.0"

configure: exit 0
